2024-11-25 19:01:43 INFO: Crawled 0 pages (at 0 pages/min), scraped 0 items (at 0 items/min)
2024-11-25 19:01:43 INFO: Telnet console listening on 127.0.0.1:6023
2024-11-25 19:01:43 ERROR: Error downloading <GET http://stormer5v52vjsw66jmds7ndeecudq444woadhzr2plxlaayexnh6eqd.onion>
Traceback (most recent call last):
  File "/home/bagas/GolandProjects/general_spider_controll_panel/python/lib/python3.12/site-packages/twisted/internet/defer.py", line 2013, in _inlineCallbacks
    result = context.run(
             ^^^^^^^^^^^^
  File "/home/bagas/GolandProjects/general_spider_controll_panel/python/lib/python3.12/site-packages/twisted/python/failure.py", line 467, in throwExceptionIntoGenerator
    return g.throw(self.value.with_traceback(self.tb))
           ^^^^^^^^^^^^^^^^^^^^^^^^^^^^^^^^^^^^^^^^^^^
  File "/home/bagas/GolandProjects/general_spider_controll_panel/python/lib/python3.12/site-packages/scrapy/core/downloader/middleware.py", line 68, in process_request
    return (yield download_func(request, spider))
            ^^^^^^^^^^^^^^^^^^^^^^^^^^^^^^^^^^^^
ValueError: invalid hostname:  172.17.0.3
2024-11-25 19:01:44 INFO: Closing spider (finished)
2024-11-25 19:01:44 INFO: Dumping Scrapy stats:
{'downloader/exception_count': 1,
 'downloader/exception_type_count/builtins.ValueError': 1,
 'downloader/request_bytes': 263,
 'downloader/request_count': 1,
 'downloader/request_method_count/GET': 1,
 'elapsed_time_seconds': 0.205048,
 'finish_reason': 'finished',
 'finish_time': datetime.datetime(2024, 11, 25, 12, 1, 44, 32084, tzinfo=datetime.timezone.utc),
 'items_per_minute': None,
 'log_count/DEBUG': 5,
 'log_count/ERROR': 1,
 'log_count/INFO': 10,
 'log_count/WARNING': 1,
 'memusage/max': 76664832,
 'memusage/startup': 76664832,
 'responses_per_minute': None,
 'scheduler/dequeued': 1,
 'scheduler/dequeued/memory': 1,
 'scheduler/enqueued': 1,
 'scheduler/enqueued/memory': 1,
 'start_time': datetime.datetime(2024, 11, 25, 12, 1, 43, 827036, tzinfo=datetime.timezone.utc)}
2024-11-25 19:01:44 INFO: Spider closed (finished)
